✅ [INFO] - [2023-05-08 21:41:46] - (server.py).get_peer_acknowledgements(102): Awaiting connection to [n1]. Exception: [AioRpcError]
✅ [INFO] - [2023-05-08 21:41:48] - (server.py).get_peer_acknowledgements(102): Awaiting connection to [n1]. Exception: [AioRpcError]
✅ [INFO] - [2023-05-08 21:41:49] - (grpc_server_servicer.py).__get_rpc_message(50): Message Received. Sender: [n1]. Event: [ping].
✅ [INFO] - [2023-05-08 21:41:50] - (server.py).get_peer_acknowledgements(102): Awaiting connection to [n1]. Exception: [AioRpcError]
✅ [INFO] - [2023-05-08 21:41:51] - (grpc_server_servicer.py).__get_rpc_message(50): Message Received. Sender: [n1]. Event: [clhlth].
✅ [INFO] - [2023-05-08 21:41:52] - (grpc_server_servicer.py).__get_rpc_message(50): Message Received. Sender: [n2]. Event: [ping].
✅ [INFO] - [2023-05-08 21:41:52] - (server.py).get_peer_acknowledgements(102): Awaiting connection to [n1]. Exception: [AioRpcError]
✅ [INFO] - [2023-05-08 21:41:53] - (grpc_server_servicer.py).__get_rpc_message(50): Message Received. Sender: [n1]. Event: [clhlth].
✅ [INFO] - [2023-05-08 21:41:54] - (server.py).get_peer_acknowledgements(102): Awaiting connection to [n1]. Exception: [AioRpcError]
✅ [INFO] - [2023-05-08 21:41:55] - (grpc_server_servicer.py).__get_rpc_message(50): Message Received. Sender: [n1]. Event: [clhlth].
✅ [INFO] - [2023-05-08 21:41:57] - (grpc_server_servicer.py).__get_rpc_message(50): Message Received. Sender: [n1]. Event: [clhlth].
✅ [INFO] - [2023-05-08 21:41:59] - (grpc_server_servicer.py).__get_rpc_message(50): Message Received. Sender: [n1]. Event: [clhlth].
✅ [INFO] - [2023-05-08 21:42:00] - (grpc_server_servicer.py).__get_rpc_message(50): Message Received. Sender: [n2]. Event: [clhlth].
✅ [INFO] - [2023-05-08 21:42:02] - (grpc_server_servicer.py).__get_rpc_message(50): Message Received. Sender: [n2]. Event: [rqstvt].
✅ [INFO] - [2023-05-08 21:42:02] - (grpc_server_servicer.py).__get_rpc_message(50): Message Received. Sender: [n2]. Event: [ldrestbl].
✅ [INFO] - [2023-05-08 21:42:02] - (server.py).serve(256): Cluster State: Cluster is up and running. Leader: [n2]
✅ [INFO] - [2023-05-08 21:42:02] - (server.py).serve(273): Waiting for some action...
✅ [INFO] - [2023-05-08 21:42:07] - (server.py).serve(273): Waiting for some action...
✅ [INFO] - [2023-05-08 21:42:12] - (server.py).serve(273): Waiting for some action...
✅ [INFO] - [2023-05-08 21:42:17] - (server.py).serve(273): Waiting for some action...
✅ [INFO] - [2023-05-08 21:42:22] - (server.py).serve(273): Waiting for some action...
✅ [INFO] - [2023-05-08 21:42:27] - (server.py).serve(273): Waiting for some action...
✅ [INFO] - [2023-05-08 21:42:32] - (server.py).serve(273): Waiting for some action...
✅ [INFO] - [2023-05-08 21:42:37] - (server.py).serve(273): Waiting for some action...
✅ [INFO] - [2023-05-08 21:42:42] - (server.py).serve(273): Waiting for some action...
✅ [INFO] - [2023-05-08 21:42:47] - (server.py).serve(273): Waiting for some action...
✅ [INFO] - [2023-05-08 21:42:52] - (grpc_client_servicer.py).PutEntriesRPC(43): PutEntries RPC Rejected: Returning request to leader: [n2]
✅ [INFO] - [2023-05-08 21:42:52] - (server.py).serve(273): Waiting for some action...
✅ [INFO] - [2023-05-08 21:42:53] - (grpc_client_servicer.py).PutEntriesRPC(43): PutEntries RPC Rejected: Returning request to leader: [n2]
✅ [INFO] - [2023-05-08 21:42:54] - (grpc_client_servicer.py).PutEntriesRPC(43): PutEntries RPC Rejected: Returning request to leader: [n2]
✅ [INFO] - [2023-05-08 21:42:54] - (grpc_client_servicer.py).PutEntriesRPC(43): PutEntries RPC Rejected: Returning request to leader: [n2]
✅ [INFO] - [2023-05-08 21:42:57] - (server.py).serve(273): Waiting for some action...
