✅ [INFO] - [2023-05-08 21:41:56] - (grpc_server_servicer.py).__get_rpc_message(50): Message Received. Sender: [n0]. Event: [ping].
✅ [INFO] - [2023-05-08 21:41:58] - (grpc_server_servicer.py).__get_rpc_message(50): Message Received. Sender: [n2]. Event: [ping].
✅ [INFO] - [2023-05-08 21:41:58] - (grpc_server_servicer.py).__get_rpc_message(50): Message Received. Sender: [n0]. Event: [clhlth].
✅ [INFO] - [2023-05-08 21:42:00] - (grpc_server_servicer.py).__get_rpc_message(50): Message Received. Sender: [n2]. Event: [clhlth].
✅ [INFO] - [2023-05-08 21:42:02] - (grpc_server_servicer.py).__get_rpc_message(50): Message Received. Sender: [n2]. Event: [rqstvt].
✅ [INFO] - [2023-05-08 21:42:02] - (grpc_server_servicer.py).__get_rpc_message(50): Message Received. Sender: [n2]. Event: [ldrestbl].
✅ [INFO] - [2023-05-08 21:42:03] - (server.py).serve(256): Cluster State: Cluster is up and running. Leader: [n2]
✅ [INFO] - [2023-05-08 21:42:03] - (server.py).serve(273): Waiting for some action...
✅ [INFO] - [2023-05-08 21:42:08] - (server.py).serve(273): Waiting for some action...
✅ [INFO] - [2023-05-08 21:42:13] - (server.py).serve(273): Waiting for some action...
✅ [INFO] - [2023-05-08 21:42:18] - (server.py).serve(273): Waiting for some action...
✅ [INFO] - [2023-05-08 21:42:23] - (server.py).serve(273): Waiting for some action...
✅ [INFO] - [2023-05-08 21:42:23] - (grpc_client_servicer.py).PutEntriesRPC(43): PutEntries RPC Rejected: Returning request to leader: [n2]
✅ [INFO] - [2023-05-08 21:42:27] - (grpc_client_servicer.py).PutEntriesRPC(43): PutEntries RPC Rejected: Returning request to leader: [n2]
✅ [INFO] - [2023-05-08 21:42:28] - (server.py).serve(273): Waiting for some action...
✅ [INFO] - [2023-05-08 21:42:28] - (grpc_client_servicer.py).PutEntriesRPC(43): PutEntries RPC Rejected: Returning request to leader: [n2]
✅ [INFO] - [2023-05-08 21:42:29] - (grpc_client_servicer.py).PutEntriesRPC(43): PutEntries RPC Rejected: Returning request to leader: [n2]
✅ [INFO] - [2023-05-08 21:42:30] - (grpc_client_servicer.py).PutEntriesRPC(43): PutEntries RPC Rejected: Returning request to leader: [n2]
✅ [INFO] - [2023-05-08 21:42:31] - (grpc_client_servicer.py).PutEntriesRPC(43): PutEntries RPC Rejected: Returning request to leader: [n2]
✅ [INFO] - [2023-05-08 21:42:32] - (grpc_client_servicer.py).PutEntriesRPC(43): PutEntries RPC Rejected: Returning request to leader: [n2]
✅ [INFO] - [2023-05-08 21:42:33] - (server.py).serve(273): Waiting for some action...
✅ [INFO] - [2023-05-08 21:42:33] - (grpc_client_servicer.py).PutEntriesRPC(43): PutEntries RPC Rejected: Returning request to leader: [n2]
✅ [INFO] - [2023-05-08 21:42:34] - (grpc_client_servicer.py).PutEntriesRPC(43): PutEntries RPC Rejected: Returning request to leader: [n2]
✅ [INFO] - [2023-05-08 21:42:38] - (server.py).serve(273): Waiting for some action...
✅ [INFO] - [2023-05-08 21:42:43] - (server.py).serve(273): Waiting for some action...
✅ [INFO] - [2023-05-08 21:42:48] - (server.py).serve(273): Waiting for some action...
✅ [INFO] - [2023-05-08 21:42:53] - (server.py).serve(273): Waiting for some action...
✅ [INFO] - [2023-05-08 21:42:58] - (server.py).serve(273): Waiting for some action...
